<?xml version="1.0" encoding="UTF-8"?>
<testng-results skipped="0" failed="2" ignored="24" total="33" passed="7">
  <reporter-output>
  </reporter-output>
  <suite name="Suite" duration-ms="459581" started-at="2019-01-03T09:43:00Z" finished-at="2019-01-03T09:50:40Z">
    <groups>
    </groups>
    <test name="Test" duration-ms="459581" started-at="2019-01-03T09:43:00Z" finished-at="2019-01-03T09:50:40Z">
      <class name="testcases.PDP_ChooseaColor">
        <test-method status="PASS" signature="beforeClass()[pri:0, instance:testcases.PDP_ChooseaColor@370736d9]" name="beforeClass" is-config="true" duration-ms="0" started-at="2019-01-03T09:50:07Z" finished-at="2019-01-03T09:50:07Z">
          <reporter-output>
          </reporter-output>
        </test-method> <!-- beforeClass -->
        <test-method status="PASS" signature="beforeMethod()[pri:0, instance:testcases.PDP_ChooseaColor@370736d9]" name="beforeMethod" is-config="true" duration-ms="13093" started-at="2019-01-03T09:50:07Z" finished-at="2019-01-03T09:50:20Z">
          <reporter-output>
          </reporter-output>
        </test-method> <!-- beforeMethod -->
        <test-method status="PASS" signature="choosecolor()[pri:0, instance:testcases.PDP_ChooseaColor@370736d9]" name="choosecolor" duration-ms="19369" started-at="2019-01-03T09:50:20Z" finished-at="2019-01-03T09:50:40Z">
          <reporter-output>
          </reporter-output>
        </test-method> <!-- choosecolor -->
        <test-method status="PASS" signature="afterMethod()[pri:0, instance:testcases.PDP_ChooseaColor@370736d9]" name="afterMethod" is-config="true" duration-ms="0" started-at="2019-01-03T09:50:40Z" finished-at="2019-01-03T09:50:40Z">
          <reporter-output>
          </reporter-output>
        </test-method> <!-- afterMethod -->
      </class> <!-- testcases.PDP_ChooseaColor -->
      <class name="testcases.Logout">
        <test-method status="PASS" signature="beforeClass()[pri:0, instance:testcases.Logout@527740a2]" name="beforeClass" is-config="true" duration-ms="0" started-at="2019-01-03T09:47:53Z" finished-at="2019-01-03T09:47:53Z">
          <reporter-output>
          </reporter-output>
        </test-method> <!-- beforeClass -->
        <test-method status="PASS" signature="beforeMethod()[pri:0, instance:testcases.Logout@527740a2]" name="beforeMethod" is-config="true" duration-ms="12712" started-at="2019-01-03T09:47:53Z" finished-at="2019-01-03T09:48:05Z">
          <reporter-output>
          </reporter-output>
        </test-method> <!-- beforeMethod -->
        <test-method status="PASS" signature="Loggingout(java.lang.String, java.lang.String)[pri:0, instance:testcases.Logout@527740a2]" name="Loggingout" duration-ms="38851" started-at="2019-01-03T09:48:05Z" data-provider="fetchData" finished-at="2019-01-03T09:48:44Z">
          <params>
            <param index="0">
              <value>
                <![CDATA[0a@gmail.com]]>
              </value>
            </param>
            <param index="1">
              <value>
                <![CDATA[Cameraman12$]]>
              </value>
            </param>
          </params>
          <reporter-output>
          </reporter-output>
        </test-method> <!-- Loggingout -->
        <test-method status="PASS" signature="afterMethod()[pri:0, instance:testcases.Logout@527740a2]" name="afterMethod" is-config="true" duration-ms="0" started-at="2019-01-03T09:48:44Z" finished-at="2019-01-03T09:48:44Z">
          <reporter-output>
          </reporter-output>
        </test-method> <!-- afterMethod -->
      </class> <!-- testcases.Logout -->
      <class name="testcases.LoginwithInvalidPassword">
        <test-method status="PASS" signature="beforeClass()[pri:0, instance:testcases.LoginwithInvalidPassword@3108bc]" name="beforeClass" is-config="true" duration-ms="1" started-at="2019-01-03T09:49:28Z" finished-at="2019-01-03T09:49:28Z">
          <reporter-output>
          </reporter-output>
        </test-method> <!-- beforeClass -->
        <test-method status="PASS" signature="beforeMethod()[pri:0, instance:testcases.LoginwithInvalidPassword@3108bc]" name="beforeMethod" is-config="true" duration-ms="13767" started-at="2019-01-03T09:49:28Z" finished-at="2019-01-03T09:49:42Z">
          <reporter-output>
          </reporter-output>
        </test-method> <!-- beforeMethod -->
        <test-method status="PASS" signature="LoginwithInvalidPasswor(java.lang.String, java.lang.String)[pri:0, instance:testcases.LoginwithInvalidPassword@3108bc]" name="LoginwithInvalidPasswor" duration-ms="25749" started-at="2019-01-03T09:49:42Z" data-provider="fetchData" finished-at="2019-01-03T09:50:07Z">
          <params>
            <param index="0">
              <value>
                <![CDATA[0a@gmail.com]]>
              </value>
            </param>
            <param index="1">
              <value>
                <![CDATA[amazon]]>
              </value>
            </param>
          </params>
          <reporter-output>
          </reporter-output>
        </test-method> <!-- LoginwithInvalidPasswor -->
        <test-method status="PASS" signature="afterMethod()[pri:0, instance:testcases.LoginwithInvalidPassword@3108bc]" name="afterMethod" is-config="true" duration-ms="0" started-at="2019-01-03T09:50:07Z" finished-at="2019-01-03T09:50:07Z">
          <reporter-output>
          </reporter-output>
        </test-method> <!-- afterMethod -->
      </class> <!-- testcases.LoginwithInvalidPassword -->
      <class name="testcases.PDP_SizechartAvailable">
        <test-method status="PASS" signature="beforeMethod()[pri:0, instance:testcases.PDP_SizechartAvailable@5abca1e0]" name="beforeMethod" is-config="true" duration-ms="12476" started-at="2019-01-03T09:43:25Z" finished-at="2019-01-03T09:43:38Z">
          <reporter-output>
          </reporter-output>
        </test-method> <!-- beforeMethod -->
        <test-method status="PASS" signature="beforeClass()[pri:0, instance:testcases.PDP_SizechartAvailable@5abca1e0]" name="beforeClass" is-config="true" duration-ms="0" started-at="2019-01-03T09:43:25Z" finished-at="2019-01-03T09:43:25Z">
          <reporter-output>
          </reporter-output>
        </test-method> <!-- beforeClass -->
        <test-method status="PASS" signature="sizeChart()[pri:0, instance:testcases.PDP_SizechartAvailable@5abca1e0]" name="sizeChart" duration-ms="25070" started-at="2019-01-03T09:43:38Z" finished-at="2019-01-03T09:44:03Z">
          <reporter-output>
          </reporter-output>
        </test-method> <!-- sizeChart -->
        <test-method status="PASS" signature="afterMethod()[pri:0, instance:testcases.PDP_SizechartAvailable@5abca1e0]" name="afterMethod" is-config="true" duration-ms="1" started-at="2019-01-03T09:44:03Z" finished-at="2019-01-03T09:44:03Z">
          <reporter-output>
          </reporter-output>
        </test-method> <!-- afterMethod -->
      </class> <!-- testcases.PDP_SizechartAvailable -->
      <class name="testcases.SearchaModel">
        <test-method status="PASS" signature="beforeSuite()[pri:0, instance:testcases.SearchaModel@3632be31]" name="beforeSuite" is-config="true" duration-ms="1541" started-at="2019-01-03T09:42:59Z" finished-at="2019-01-03T09:43:00Z">
          <reporter-output>
          </reporter-output>
        </test-method> <!-- beforeSuite -->
        <test-method status="PASS" signature="beforeClass()[pri:0, instance:testcases.SearchaModel@3632be31]" name="beforeClass" is-config="true" duration-ms="1" started-at="2019-01-03T09:43:00Z" finished-at="2019-01-03T09:43:00Z">
          <reporter-output>
          </reporter-output>
        </test-method> <!-- beforeClass -->
        <test-method status="PASS" signature="beforeMethod()[pri:0, instance:testcases.SearchaModel@3632be31]" name="beforeMethod" is-config="true" duration-ms="12724" started-at="2019-01-03T09:43:01Z" finished-at="2019-01-03T09:43:14Z">
          <reporter-output>
          </reporter-output>
        </test-method> <!-- beforeMethod -->
        <test-method status="PASS" signature="seachaBrand(java.lang.String, java.lang.String)[pri:0, instance:testcases.SearchaModel@3632be31]" name="seachaBrand" duration-ms="11653" started-at="2019-01-03T09:43:14Z" data-provider="fetchData" finished-at="2019-01-03T09:43:25Z">
          <params>
            <param index="0">
              <value>
                <![CDATA[//*[contains(@class,'search2 ui-autocomplete-input')]]]>
              </value>
            </param>
            <param index="1">
              <value>
                <![CDATA[Women's Brooks Glycerin 16]]>
              </value>
            </param>
          </params>
          <reporter-output>
          </reporter-output>
        </test-method> <!-- seachaBrand -->
        <test-method status="PASS" signature="afterMethod()[pri:0, instance:testcases.SearchaModel@3632be31]" name="afterMethod" is-config="true" duration-ms="0" started-at="2019-01-03T09:43:25Z" finished-at="2019-01-03T09:43:25Z">
          <reporter-output>
          </reporter-output>
        </test-method> <!-- afterMethod -->
        <test-method status="PASS" signature="afterTest()[pri:0, instance:testcases.SearchaModel@3632be31]" name="afterTest" is-config="true" duration-ms="0" started-at="2019-01-03T09:50:40Z" finished-at="2019-01-03T09:50:40Z">
          <reporter-output>
          </reporter-output>
        </test-method> <!-- afterTest -->
        <test-method status="PASS" signature="afterSuite()[pri:0, instance:testcases.SearchaModel@3632be31]" name="afterSuite" is-config="true" duration-ms="870" started-at="2019-01-03T09:50:40Z" finished-at="2019-01-03T09:50:41Z">
          <reporter-output>
          </reporter-output>
        </test-method> <!-- afterSuite -->
      </class> <!-- testcases.SearchaModel -->
      <class name="testcases.PDP_SocialmediaLink">
        <test-method status="PASS" signature="beforeClass()[pri:0, instance:testcases.PDP_SocialmediaLink@6d7b4f4c]" name="beforeClass" is-config="true" duration-ms="1" started-at="2019-01-03T09:47:20Z" finished-at="2019-01-03T09:47:20Z">
          <reporter-output>
          </reporter-output>
        </test-method> <!-- beforeClass -->
        <test-method status="PASS" signature="beforeMethod()[pri:0, instance:testcases.PDP_SocialmediaLink@6d7b4f4c]" name="beforeMethod" is-config="true" duration-ms="12782" started-at="2019-01-03T09:47:20Z" finished-at="2019-01-03T09:47:33Z">
          <reporter-output>
          </reporter-output>
        </test-method> <!-- beforeMethod -->
        <test-method status="FAIL" signature="facebookpage()[pri:0, instance:testcases.PDP_SocialmediaLink@6d7b4f4c]" name="facebookpage" duration-ms="19443" started-at="2019-01-03T09:47:33Z" finished-at="2019-01-03T09:47:53Z">
          <exception class="java.lang.IndexOutOfBoundsException">
            <message>
              <![CDATA[Index: 1, Size: 1]]>
            </message>
            <full-stacktrace>
              <![CDATA[java.lang.IndexOutOfBoundsException: Index: 1, Size: 1
at java.util.ArrayList.rangeCheck(ArrayList.java:657)
at java.util.ArrayList.get(ArrayList.java:433)
at wdMethods.SeMethods.newTab(SeMethods.java:546)
at pages.Facebook.newtab(Facebook.java:15)
at testcases.PDP_SocialmediaLink.facebookpage(PDP_SocialmediaLink.java:35)
at sun.reflect.NativeMethodAccessorImpl.invoke0(Native Method)
at sun.reflect.NativeMethodAccessorImpl.invoke(NativeMethodAccessorImpl.java:62)
at sun.reflect.DelegatingMethodAccessorImpl.invoke(DelegatingMethodAccessorImpl.java:43)
at java.lang.reflect.Method.invoke(Method.java:498)
at org.testng.internal.MethodInvocationHelper.invokeMethod(MethodInvocationHelper.java:124)
at org.testng.internal.Invoker.invokeMethod(Invoker.java:583)
at org.testng.internal.Invoker.invokeTestMethod(Invoker.java:719)
at org.testng.internal.Invoker.invokeTestMethods(Invoker.java:989)
at org.testng.internal.TestMethodWorker.invokeTestMethods(TestMethodWorker.java:125)
at org.testng.internal.TestMethodWorker.run(TestMethodWorker.java:109)
at org.testng.TestRunner.privateRun(TestRunner.java:648)
at org.testng.TestRunner.run(TestRunner.java:505)
at org.testng.SuiteRunner.runTest(SuiteRunner.java:455)
at org.testng.SuiteRunner.runSequentially(SuiteRunner.java:450)
at org.testng.SuiteRunner.privateRun(SuiteRunner.java:415)
at org.testng.SuiteRunner.run(SuiteRunner.java:364)
at org.testng.SuiteRunnerWorker.runSuite(SuiteRunnerWorker.java:52)
at org.testng.SuiteRunnerWorker.run(SuiteRunnerWorker.java:84)
at org.testng.TestNG.runSuitesSequentially(TestNG.java:1208)
at org.testng.TestNG.runSuitesLocally(TestNG.java:1137)
at org.testng.TestNG.runSuites(TestNG.java:1049)
at org.testng.TestNG.run(TestNG.java:1017)
at org.testng.remote.AbstractRemoteTestNG.run(AbstractRemoteTestNG.java:114)
at org.testng.remote.RemoteTestNG.initAndRun(RemoteTestNG.java:251)
at org.testng.remote.RemoteTestNG.main(RemoteTestNG.java:77)
]]>
            </full-stacktrace>
          </exception> <!-- java.lang.IndexOutOfBoundsException -->
          <reporter-output>
          </reporter-output>
        </test-method> <!-- facebookpage -->
        <test-method status="PASS" signature="afterMethod()[pri:0, instance:testcases.PDP_SocialmediaLink@6d7b4f4c]" name="afterMethod" is-config="true" duration-ms="0" started-at="2019-01-03T09:47:53Z" finished-at="2019-01-03T09:47:53Z">
          <reporter-output>
          </reporter-output>
        </test-method> <!-- afterMethod -->
      </class> <!-- testcases.PDP_SocialmediaLink -->
      <class name="testcases.Gift">
        <test-method status="PASS" signature="setData()[pri:0, instance:testcases.LoginwithInvalidPassword@3108bc]" name="setData" is-config="true" duration-ms="0" started-at="2019-01-03T09:43:00Z" finished-at="2019-01-03T09:43:00Z">
          <reporter-output>
          </reporter-output>
        </test-method> <!-- setData -->
        <test-method status="PASS" signature="setData()[pri:0, instance:testcases.SearchaModel@3632be31]" name="setData" is-config="true" duration-ms="0" started-at="2019-01-03T09:43:00Z" finished-at="2019-01-03T09:43:00Z">
          <reporter-output>
          </reporter-output>
        </test-method> <!-- setData -->
        <test-method status="PASS" signature="setData()[pri:0, instance:testcases.PDP_SizechartAvailable@5abca1e0]" name="setData" is-config="true" duration-ms="0" started-at="2019-01-03T09:43:00Z" finished-at="2019-01-03T09:43:00Z">
          <reporter-output>
          </reporter-output>
        </test-method> <!-- setData -->
        <test-method status="PASS" signature="setData()[pri:0, instance:testcases.PDP_SocialmediaLink@6d7b4f4c]" name="setData" is-config="true" duration-ms="0" started-at="2019-01-03T09:43:00Z" finished-at="2019-01-03T09:43:00Z">
          <reporter-output>
          </reporter-output>
        </test-method> <!-- setData -->
        <test-method status="PASS" signature="setData()[pri:0, instance:testcases.Gift@2286778]" name="setData" is-config="true" duration-ms="0" started-at="2019-01-03T09:43:00Z" finished-at="2019-01-03T09:43:00Z">
          <reporter-output>
          </reporter-output>
        </test-method> <!-- setData -->
        <test-method status="PASS" signature="setData()[pri:0, instance:testcases.PDP_ChooseaColor@370736d9]" name="setData" is-config="true" duration-ms="0" started-at="2019-01-03T09:43:00Z" finished-at="2019-01-03T09:43:00Z">
          <reporter-output>
          </reporter-output>
        </test-method> <!-- setData -->
        <test-method status="PASS" signature="setData()[pri:0, instance:testcases.Logout@527740a2]" name="setData" is-config="true" duration-ms="0" started-at="2019-01-03T09:43:00Z" finished-at="2019-01-03T09:43:00Z">
          <reporter-output>
          </reporter-output>
        </test-method> <!-- setData -->
        <test-method status="PASS" signature="setData()[pri:0, instance:testcases.PDP_AddtoCart@4e9ba398]" name="setData" is-config="true" duration-ms="0" started-at="2019-01-03T09:43:00Z" finished-at="2019-01-03T09:43:00Z">
          <reporter-output>
          </reporter-output>
        </test-method> <!-- setData -->
        <test-method status="PASS" signature="setData()[pri:0, instance:testcases.PLP_EditingPageNumber@13a5fe33]" name="setData" is-config="true" duration-ms="0" started-at="2019-01-03T09:43:00Z" finished-at="2019-01-03T09:43:00Z">
          <reporter-output>
          </reporter-output>
        </test-method> <!-- setData -->
        <test-method status="PASS" signature="beforeClass()[pri:0, instance:testcases.Gift@2286778]" name="beforeClass" is-config="true" duration-ms="0" started-at="2019-01-03T09:44:03Z" finished-at="2019-01-03T09:44:03Z">
          <reporter-output>
          </reporter-output>
        </test-method> <!-- beforeClass -->
        <test-method status="PASS" signature="beforeMethod()[pri:0, instance:testcases.Gift@2286778]" name="beforeMethod" is-config="true" duration-ms="15033" started-at="2019-01-03T09:44:03Z" finished-at="2019-01-03T09:44:18Z">
          <reporter-output>
          </reporter-output>
        </test-method> <!-- beforeMethod -->
        <test-method status="FAIL" signature="gift(java.lang.String, java.lang.String, java.lang.String, java.lang.String, java.lang.String, java.lang.String, java.lang.String, java.lang.String, java.lang.String, java.lang.String, java.lang.String, java.lang.String, java.lang.String, java.lang.String, java.lang.String, java.lang.String, java.lang.String, java.lang.String, java.lang.String, java.lang.String)[pri:0, instance:testcases.Gift@2286778]" name="gift" duration-ms="131334" started-at="2019-01-03T09:44:18Z" data-provider="fetchData" finished-at="2019-01-03T09:46:30Z">
          <params>
            <param index="0">
              <value>
                <![CDATA[twonew20@gmail.com]]>
              </value>
            </param>
            <param index="1">
              <value>
                <![CDATA[Cameraman123$]]>
              </value>
            </param>
            <param index="2">
              <value>
                <![CDATA[R-GEAR]]>
              </value>
            </param>
            <param index="3">
              <value>
                <![CDATA[ishaan]]>
              </value>
            </param>
            <param index="4">
              <value>
                <![CDATA[atjun]]>
              </value>
            </param>
            <param index="5">
              <value>
                <![CDATA[kumar]]>
              </value>
            </param>
            <param index="6">
              <value>
                <![CDATA[twonew20@gmail.com]]>
              </value>
            </param>
            <param index="7">
              <value>
                <![CDATA[7845260720]]>
              </value>
            </param>
            <param index="8">
              <value>
                <![CDATA[ish]]>
              </value>
            </param>
            <param index="9">
              <value>
                <![CDATA[an]]>
              </value>
            </param>
            <param index="10">
              <value>
                <![CDATA[old address]]>
              </value>
            </param>
            <param index="11">
              <value>
                <![CDATA[13637]]>
              </value>
            </param>
            <param index="12">
              <value>
                <![CDATA[sunnyvale]]>
              </value>
            </param>
            <param index="13">
              <value>
                <![CDATA[CA]]>
              </value>
            </param>
            <param index="14">
              <value>
                <![CDATA[7866567780]]>
              </value>
            </param>
            <param index="15">
              <value>
                <![CDATA[onew9951@gmail.com]]>
              </value>
            </param>
            <param index="16">
              <value>
                <![CDATA[thanks much]]>
              </value>
            </param>
            <param index="17">
              <value>
                <![CDATA[twonew20]]>
              </value>
            </param>
            <param index="18">
              <value>
                <![CDATA[Canon123$]]>
              </value>
            </param>
            <param index="19">
              <value>
                <![CDATA[Last Step! Pay For ishaan's Gift & We'll Ship It]]>
              </value>
            </param>
          </params>
          <exception class="org.openqa.selenium.NoSuchElementException">
            <message>
              <![CDATA[no such element: Unable to locate element: {"method":"css selector","selector":".button.button.button-primary.lets-go"}
  (Session info: chrome=71.0.3578.98)
  (Driver info: chromedriver=2.43.600210 (68dcf5eebde37173d4027fa8635e332711d2874a),platform=Windows NT 10.0.17134 x86_64) (WARNING: The server did not provide any stacktrace information)
Command duration or timeout: 0 milliseconds
For documentation on this error, please visit: http://seleniumhq.org/exceptions/no_such_element.html
Build info: version: '3.11.0', revision: 'e59cfb3', time: '2018-03-11T20:26:55.152Z'
System info: host: 'SURIYA', ip: '192.168.1.167', os.name: 'Windows 10', os.arch: 'amd64', os.version: '10.0', java.version: '1.8.0_181'
Driver info: org.openqa.selenium.chrome.ChromeDriver
Capabilities {acceptInsecureCerts: false, acceptSslCerts: false, applicationCacheEnabled: false, browserConnectionEnabled: false, browserName: chrome, chrome: {chromedriverVersion: 2.43.600210 (68dcf5eebde371..., userDataDir: C:\Users\NUIT\AppData\Local...}, cssSelectorsEnabled: true, databaseEnabled: false, goog:chromeOptions: {debuggerAddress: localhost:59879}, handlesAlerts: true, hasTouchScreen: false, javascriptEnabled: true, locationContextEnabled: true, mobileEmulationEnabled: false, nativeEvents: true, networkConnectionEnabled: false, pageLoadStrategy: normal, platform: XP, platformName: XP, rotatable: false, setWindowRect: true, takesHeapSnapshot: true, takesScreenshot: true, unexpectedAlertBehaviour: , unhandledPromptBehavior: , version: 71.0.3578.98, webStorageEnabled: true}
Session ID: 848efb03955abf2e4cb85b935cb066b6
*** Element info: {Using=css selector, value=.button.button.button-primary.lets-go}]]>
            </message>
            <full-stacktrace>
              <![CDATA[org.openqa.selenium.NoSuchElementException: no such element: Unable to locate element: {"method":"css selector","selector":".button.button.button-primary.lets-go"}
  (Session info: chrome=71.0.3578.98)
  (Driver info: chromedriver=2.43.600210 (68dcf5eebde37173d4027fa8635e332711d2874a),platform=Windows NT 10.0.17134 x86_64) (WARNING: The server did not provide any stacktrace information)
Command duration or timeout: 0 milliseconds
For documentation on this error, please visit: http://seleniumhq.org/exceptions/no_such_element.html
Build info: version: '3.11.0', revision: 'e59cfb3', time: '2018-03-11T20:26:55.152Z'
System info: host: 'SURIYA', ip: '192.168.1.167', os.name: 'Windows 10', os.arch: 'amd64', os.version: '10.0', java.version: '1.8.0_181'
Driver info: org.openqa.selenium.chrome.ChromeDriver
Capabilities {acceptInsecureCerts: false, acceptSslCerts: false, applicationCacheEnabled: false, browserConnectionEnabled: false, browserName: chrome, chrome: {chromedriverVersion: 2.43.600210 (68dcf5eebde371..., userDataDir: C:\Users\NUIT\AppData\Local...}, cssSelectorsEnabled: true, databaseEnabled: false, goog:chromeOptions: {debuggerAddress: localhost:59879}, handlesAlerts: true, hasTouchScreen: false, javascriptEnabled: true, locationContextEnabled: true, mobileEmulationEnabled: false, nativeEvents: true, networkConnectionEnabled: false, pageLoadStrategy: normal, platform: XP, platformName: XP, rotatable: false, setWindowRect: true, takesHeapSnapshot: true, takesScreenshot: true, unexpectedAlertBehaviour: , unhandledPromptBehavior: , version: 71.0.3578.98, webStorageEnabled: true}
Session ID: 848efb03955abf2e4cb85b935cb066b6
*** Element info: {Using=css selector, value=.button.button.button-primary.lets-go}
at sun.reflect.NativeConstructorAccessorImpl.newInstance0(Native Method)
at sun.reflect.NativeConstructorAccessorImpl.newInstance(NativeConstructorAccessorImpl.java:62)
at sun.reflect.DelegatingConstructorAccessorImpl.newInstance(DelegatingConstructorAccessorImpl.java:45)
at java.lang.reflect.Constructor.newInstance(Constructor.java:423)
at org.openqa.selenium.remote.ErrorHandler.createThrowable(ErrorHandler.java:214)
at org.openqa.selenium.remote.ErrorHandler.throwIfResponseFailed(ErrorHandler.java:166)
at org.openqa.selenium.remote.http.JsonHttpResponseCodec.reconstructValue(JsonHttpResponseCodec.java:40)
at org.openqa.selenium.remote.http.AbstractHttpResponseCodec.decode(AbstractHttpResponseCodec.java:80)
at org.openqa.selenium.remote.http.AbstractHttpResponseCodec.decode(AbstractHttpResponseCodec.java:44)
at org.openqa.selenium.remote.HttpCommandExecutor.execute(HttpCommandExecutor.java:158)
at org.openqa.selenium.remote.service.DriverCommandExecutor.execute(DriverCommandExecutor.java:83)
at org.openqa.selenium.remote.RemoteWebDriver.execute(RemoteWebDriver.java:545)
at org.openqa.selenium.remote.RemoteWebDriver.findElement(RemoteWebDriver.java:319)
at org.openqa.selenium.remote.RemoteWebDriver.findElementByCssSelector(RemoteWebDriver.java:413)
at org.openqa.selenium.By$ByCssSelector.findElement(By.java:430)
at org.openqa.selenium.remote.RemoteWebDriver.findElement(RemoteWebDriver.java:311)
at org.openqa.selenium.support.pagefactory.DefaultElementLocator.findElement(DefaultElementLocator.java:69)
at org.openqa.selenium.support.pagefactory.internal.LocatingElementHandler.invoke(LocatingElementHandler.java:38)
at com.sun.proxy.$Proxy15.getWrappedElement(Unknown Source)
at org.openqa.selenium.remote.internal.WebElementToJsonConverter.apply(WebElementToJsonConverter.java:51)
at java.util.stream.ReferencePipeline$3$1.accept(ReferencePipeline.java:193)
at java.util.Spliterators$ArraySpliterator.forEachRemaining(Spliterators.java:948)
at java.util.stream.AbstractPipeline.copyInto(AbstractPipeline.java:481)
at java.util.stream.AbstractPipeline.wrapAndCopyInto(AbstractPipeline.java:471)
at java.util.stream.ReduceOps$ReduceOp.evaluateSequential(ReduceOps.java:708)
at java.util.stream.AbstractPipeline.evaluate(AbstractPipeline.java:234)
at java.util.stream.ReferencePipeline.collect(ReferencePipeline.java:499)
at org.openqa.selenium.remote.RemoteWebDriver.executeScript(RemoteWebDriver.java:477)
at pages.giftlink.opengift(giftlink.java:171)
at testcases.Gift.gift(Gift.java:51)
at sun.reflect.NativeMethodAccessorImpl.invoke0(Native Method)
at sun.reflect.NativeMethodAccessorImpl.invoke(NativeMethodAccessorImpl.java:62)
at sun.reflect.DelegatingMethodAccessorImpl.invoke(DelegatingMethodAccessorImpl.java:43)
at java.lang.reflect.Method.invoke(Method.java:498)
at org.testng.internal.MethodInvocationHelper.invokeMethod(MethodInvocationHelper.java:124)
at org.testng.internal.Invoker.invokeMethod(Invoker.java:583)
at org.testng.internal.Invoker.invokeTestMethod(Invoker.java:719)
at org.testng.internal.Invoker.invokeTestMethods(Invoker.java:989)
at org.testng.internal.TestMethodWorker.invokeTestMethods(TestMethodWorker.java:125)
at org.testng.internal.TestMethodWorker.run(TestMethodWorker.java:109)
at org.testng.TestRunner.privateRun(TestRunner.java:648)
at org.testng.TestRunner.run(TestRunner.java:505)
at org.testng.SuiteRunner.runTest(SuiteRunner.java:455)
at org.testng.SuiteRunner.runSequentially(SuiteRunner.java:450)
at org.testng.SuiteRunner.privateRun(SuiteRunner.java:415)
at org.testng.SuiteRunner.run(SuiteRunner.java:364)
at org.testng.SuiteRunnerWorker.runSuite(SuiteRunnerWorker.java:52)
at org.testng.SuiteRunnerWorker.run(SuiteRunnerWorker.java:84)
at org.testng.TestNG.runSuitesSequentially(TestNG.java:1208)
at org.testng.TestNG.runSuitesLocally(TestNG.java:1137)
at org.testng.TestNG.runSuites(TestNG.java:1049)
at org.testng.TestNG.run(TestNG.java:1017)
at org.testng.remote.AbstractRemoteTestNG.run(AbstractRemoteTestNG.java:114)
at org.testng.remote.RemoteTestNG.initAndRun(RemoteTestNG.java:251)
at org.testng.remote.RemoteTestNG.main(RemoteTestNG.java:77)
]]>
            </full-stacktrace>
          </exception> <!-- org.openqa.selenium.NoSuchElementException -->
          <reporter-output>
          </reporter-output>
        </test-method> <!-- gift -->
        <test-method status="PASS" signature="afterMethod()[pri:0, instance:testcases.Gift@2286778]" name="afterMethod" is-config="true" duration-ms="6" started-at="2019-01-03T09:46:30Z" finished-at="2019-01-03T09:46:30Z">
          <reporter-output>
          </reporter-output>
        </test-method> <!-- afterMethod -->
      </class> <!-- testcases.Gift -->
      <class name="testcases.PDP_AddtoCart">
        <test-method status="PASS" signature="beforeClass()[pri:0, instance:testcases.PDP_AddtoCart@4e9ba398]" name="beforeClass" is-config="true" duration-ms="0" started-at="2019-01-03T09:46:30Z" finished-at="2019-01-03T09:46:30Z">
          <reporter-output>
          </reporter-output>
        </test-method> <!-- beforeClass -->
        <test-method status="PASS" signature="beforeMethod()[pri:0, instance:testcases.PDP_AddtoCart@4e9ba398]" name="beforeMethod" is-config="true" duration-ms="12102" started-at="2019-01-03T09:46:30Z" finished-at="2019-01-03T09:46:42Z">
          <reporter-output>
          </reporter-output>
        </test-method> <!-- beforeMethod -->
        <test-method status="PASS" signature="addtocart()[pri:0, instance:testcases.PDP_AddtoCart@4e9ba398]" name="addtocart" duration-ms="38677" started-at="2019-01-03T09:46:42Z" finished-at="2019-01-03T09:47:20Z">
          <reporter-output>
          </reporter-output>
        </test-method> <!-- addtocart -->
        <test-method status="PASS" signature="afterMethod()[pri:0, instance:testcases.PDP_AddtoCart@4e9ba398]" name="afterMethod" is-config="true" duration-ms="0" started-at="2019-01-03T09:47:20Z" finished-at="2019-01-03T09:47:20Z">
          <reporter-output>
          </reporter-output>
        </test-method> <!-- afterMethod -->
      </class> <!-- testcases.PDP_AddtoCart -->
      <class name="testcases.PLP_EditingPageNumber">
        <test-method status="PASS" signature="beforeClass()[pri:0, instance:testcases.PLP_EditingPageNumber@13a5fe33]" name="beforeClass" is-config="true" duration-ms="0" started-at="2019-01-03T09:48:44Z" finished-at="2019-01-03T09:48:44Z">
          <reporter-output>
          </reporter-output>
        </test-method> <!-- beforeClass -->
        <test-method status="PASS" signature="beforeMethod()[pri:0, instance:testcases.PLP_EditingPageNumber@13a5fe33]" name="beforeMethod" is-config="true" duration-ms="17031" started-at="2019-01-03T09:48:44Z" finished-at="2019-01-03T09:49:01Z">
          <reporter-output>
          </reporter-output>
        </test-method> <!-- beforeMethod -->
        <test-method status="PASS" signature="EditingPageNumber(java.lang.String)[pri:0, instance:testcases.PLP_EditingPageNumber@13a5fe33]" name="EditingPageNumber" duration-ms="26321" started-at="2019-01-03T09:49:01Z" data-provider="fetchData" finished-at="2019-01-03T09:49:28Z">
          <params>
            <param index="0">
              <value>
                <![CDATA[1]]>
              </value>
            </param>
          </params>
          <reporter-output>
          </reporter-output>
        </test-method> <!-- EditingPageNumber -->
        <test-method status="PASS" signature="afterMethod()[pri:0, instance:testcases.PLP_EditingPageNumber@13a5fe33]" name="afterMethod" is-config="true" duration-ms="0" started-at="2019-01-03T09:49:28Z" finished-at="2019-01-03T09:49:28Z">
          <reporter-output>
          </reporter-output>
        </test-method> <!-- afterMethod -->
      </class> <!-- testcases.PLP_EditingPageNumber -->
    </test> <!-- Test -->
  </suite> <!-- Suite -->
</testng-results>
